----------

Wed Nov 09 2022 21:23:29 GMT-0500 (Eastern Standard Time)

warning: LF will be replaced by CRLF in assets/bootstrap/css/bootstrap.min.css.
The file will have its original line endings in your working directory


----------

Wed Nov 09 2022 21:23:29 GMT-0500 (Eastern Standard Time)

warning: LF will be replaced by CRLF in assets/img/Blob.svg.
The file will have its original line endings in your working directory


----------

Wed Nov 09 2022 21:23:29 GMT-0500 (Eastern Standard Time)

warning: LF will be replaced by CRLF in assets/img/Pick colors male.svg.
The file will have its original line endings in your working directory


----------

Wed Nov 09 2022 21:23:29 GMT-0500 (Eastern Standard Time)

warning: LF will be replaced by CRLF in assets/img/juicy-ai-person-detection-slash-face-id 1.svg.
The file will have its original line endings in your working directory


----------

Wed Nov 09 2022 21:23:29 GMT-0500 (Eastern Standard Time)

warning: LF will be replaced by CRLF in gallery.html.
The file will have its original line endings in your working directory


----------

Wed Nov 09 2022 21:23:29 GMT-0500 (Eastern Standard Time)

warning: LF will be replaced by CRLF in index.html.
The file will have its original line endings in your working directory


----------

Wed Nov 09 2022 21:23:29 GMT-0500 (Eastern Standard Time)

warning: LF will be replaced by CRLF in assets/assets/bootstrap/css/bootstrap.min.css.
The file will have its original line endings in your working directory


----------

Wed Nov 09 2022 21:23:29 GMT-0500 (Eastern Standard Time)

warning: LF will be replaced by CRLF in assets/assets/img/Blob.svg.
The file will have its original line endings in your working directory


----------

Wed Nov 09 2022 21:23:29 GMT-0500 (Eastern Standard Time)

warning: LF will be replaced by CRLF in assets/assets/img/Pick colors male.svg.
The file will have its original line endings in your working directory


----------

Wed Nov 09 2022 21:23:29 GMT-0500 (Eastern Standard Time)

warning: LF will be replaced by CRLF in assets/assets/img/juicy-ai-person-detection-slash-face-id 1.svg.
The file will have its original line endings in your working directory


----------

Wed Nov 09 2022 21:23:29 GMT-0500 (Eastern Standard Time)

warning: LF will be replaced by CRLF in assets/gallery.html.
The file will have its original line endings in your working directory


----------

Wed Nov 09 2022 21:23:29 GMT-0500 (Eastern Standard Time)

warning: LF will be replaced by CRLF in assets/index.html.
The file will have its original line endings in your working directory


----------

Wed Nov 09 2022 21:23:31 GMT-0500 (Eastern Standard Time)

From https://github.com/alixlm19/assignment-2-site
 * branch            main       -> FETCH_HEAD


----------

Wed Nov 09 2022 21:23:33 GMT-0500 (Eastern Standard Time)

To https://github.com/alixlm19/assignment-2-site.git
   4a9aabd..947ea61  main -> main


